[ 2018-04-09T09:18:29+08:00 ] ::1 /tp/userstatus.php
INFO: [ app_init ] --START--
INFO: Run Behavior\BuildLiteBehavior [ RunTime:0.000010s ]
INFO: [ app_init ] --END-- [ RunTime:0.000248s ]
ERR: 无法加载模块:Userstatus

[ 2018-04-09T09:24:22+08:00 ] ::1 /tp/userstatus.php
INFO: [ app_init ] --START--
INFO: Run Behavior\BuildLiteBehavior [ RunTime:0.000018s ]
INFO: [ app_init ] --END-- [ RunTime:0.000387s ]
ERR: 无法加载模块:Userstatus

[ 2018-04-09T09:38:57+08:00 ] ::1 /tp/index.php?m=Home&c=Chat&a=test&s=%3Cscript%3Ealert(0)%3C/script%3E
INFO: [ app_init ] --START--
INFO: Run Behavior\BuildLiteBehavior [ RunTime:0.000017s ]
INFO: [ app_init ] --END-- [ RunTime:0.000458s ]
ERR: 无法加载模块:alert(0)

[ 2018-04-09T09:41:24+08:00 ] ::1 /tp/index.php?m=Home&c=Chat&a=test&s=%3Cscript%3Ealert(0)%3C/script%3E
INFO: [ app_init ] --START--
INFO: Run Behavior\BuildLiteBehavior [ RunTime:0.000010s ]
INFO: [ app_init ] --END-- [ RunTime:0.000197s ]
ERR: 无法加载模块:alert(0)

[ 2018-04-09T09:41:32+08:00 ] ::1 /tp/index.php?m=Home&c=Chat&a=test&s=%3Cscript%3Ealert(0)%3C/script%3E
INFO: [ app_init ] --START--
INFO: Run Behavior\BuildLiteBehavior [ RunTime:0.000010s ]
INFO: [ app_init ] --END-- [ RunTime:0.000264s ]
ERR: 无法加载模块:alert(0)

[ 2018-04-09T15:58:09+08:00 ] ::1 /tp/Apps/Home/View/Chat/userstatus.php
INFO: [ app_init ] --START--
INFO: Run Behavior\BuildLiteBehavior [ RunTime:0.000015s ]
INFO: [ app_init ] --END-- [ RunTime:0.000292s ]
ERR: 无法加载模块:Apps

[ 2018-04-09T15:58:09+08:00 ] ::1 /tp/Apps/Home/View/JS/chat.js
INFO: [ app_init ] --START--
INFO: Run Behavior\BuildLiteBehavior [ RunTime:0.000019s ]
INFO: [ app_init ] --END-- [ RunTime:0.000321s ]
ERR: 无法加载模块:Apps

